<?xml version="1.0" encoding="UTF-8"?>
<testsuites name="katalon-jenkins-test" time="11.188" tests="1" failures="0" errors="0">
   <testsuite name="katalon-jenkins-test" tests="1" failures="0" errors="0" time="11.188" timestamp="2020-02-13 11:11:05" hostname="jhampleman - 172.26.104.126" id="Test Suites/katalon-jenkins-test">
      <properties>
         <property name="deviceName" value=""/>
         <property name="devicePlatform" value=""/>
         <property name="logFolder" value="/Users/jhampleman/jasmine-jenkins/Reports/20200213_111058/katalon-jenkins-test/20200213_111058"/>
         <property name="logFiles" value="/Users/jhampleman/jasmine-jenkins/Reports/20200213_111058/katalon-jenkins-test/20200213_111058/execution0.log"/>
         <property name="attachments" value=""/>
         <property name="hostName" value="jhampleman - 172.26.104.126"/>
         <property name="os" value="Mac OS X 64bit"/>
         <property name="katalonVersion" value="7.2.1.1"/>
         <property name="browser" value="Firefox 72.0"/>
         <property name="hostAddress" value="172.26.104.126"/>
         <property name="sessionId" value="53613a32-c8ee-e24d-99ad-4c89c225d703"/>
         <property name="seleniumVersion" value="3.141.59"/>
         <property name="proxyInformation" value="ProxyInformation{proxyOption=NO_PROXY, proxyServerType=HTTP, password=, proxyServerAddress=, proxyServerPort=0, executionList=}"/>
         <property name="platform" value="Mac OS X"/>
      </properties>
      <testcase name="Test Cases/check_console_for_errors" time="10.802" classname="Test Cases/check_console_for_errors" status="PASSED">
         <system-out><![CDATA[2020-02-13 11:11:06 - [TEST_CASE][PASSED] - Test Cases/check_console_for_errors: Test Cases/check_console_for_errors

2020-02-13 11:11:07 - [TEST_STEP][PASSED] - openBrowser("https://webdev.viasat.dev/jasmine/Jasmine.html"): Browser is opened with url: 'https://webdev.viasat.dev/jasmine/Jasmine.html'

2020-02-13 11:11:07 - [MESSAGE][INFO] - Starting 'Firefox (headless)' driver

2020-02-13 11:11:07 - [MESSAGE][INFO] - Action delay is set to 0 seconds

2020-02-13 11:11:14 - [MESSAGE][PASSED] - Browser is opened with url: 'https://webdev.viasat.dev/jasmine/Jasmine.html'

2020-02-13 11:11:14 - [TEST_STEP][PASSED] - waitForElementVisible(findTestObject("jasmine-panel"), 10): Object 'Object Repository/jasmine-panel' is visible

2020-02-13 11:11:15 - [MESSAGE][PASSED] - Object 'Object Repository/jasmine-panel' is visible

2020-02-13 11:11:15 - [TEST_STEP][PASSED] - verifyElementPresent(findTestObject("jasmine-error"), 0): Object 'Object Repository/jasmine-error' is present

2020-02-13 11:11:15 - [MESSAGE][WARNING] - Timeout '0' is invalid. Using default page load timeout: '10'

2020-02-13 11:11:15 - [MESSAGE][PASSED] - Object 'Object Repository/jasmine-error' is present

2020-02-13 11:11:15 - [TEST_STEP][PASSED] - executedBrowser = getExecutedBrowser(): null

2020-02-13 11:11:15 - [TEST_STEP][PASSED] - switch (executedBrowser): null

2020-02-13 11:11:15 - [TEST_STEP][PASSED] - closeBrowser(): Browser is closed

2020-02-13 11:11:17 - [MESSAGE][PASSED] - Browser is closed]]></system-out>
         <system-err><![CDATA[]]></system-err>
      </testcase>
      <system-out><![CDATA[2020-02-13 11:11:05 - [TEST_SUITE][PASSED] - katalon-jenkins-test: Test Cases/check_console_for_errors]]></system-out>
      <system-err><![CDATA[]]></system-err>
   </testsuite>
</testsuites>
