<?xml version="1.0" encoding="UTF-8"?>
<testsuites name="katalon-jenkins-test" time="5.171" tests="1" failures="0" errors="0">
   <testsuite name="katalon-jenkins-test" tests="1" failures="0" errors="0" time="5.171" timestamp="2020-02-13 14:19:23" hostname="jhampleman - 172.26.104.126" id="Test Suites/katalon-jenkins-test">
      <properties>
         <property name="deviceName" value=""/>
         <property name="devicePlatform" value=""/>
         <property name="logFolder" value="/Users/jhampleman/jasmine-jenkins/Reports/20200213_141921/katalon-jenkins-test/20200213_141921"/>
         <property name="logFiles" value="/Users/jhampleman/jasmine-jenkins/Reports/20200213_141921/katalon-jenkins-test/20200213_141921/execution0.log"/>
         <property name="attachments" value=""/>
         <property name="hostName" value="jhampleman - 172.26.104.126"/>
         <property name="os" value="Mac OS X 64bit"/>
         <property name="katalonVersion" value="7.2.1.1"/>
         <property name="browser" value="Chrome 80.0.3987.106"/>
         <property name="hostAddress" value="172.26.104.126"/>
         <property name="sessionId" value="936d3ec04b39a02d2dceab3f10383cdf"/>
         <property name="seleniumVersion" value="3.141.59"/>
         <property name="proxyInformation" value="ProxyInformation{proxyOption=NO_PROXY, proxyServerType=HTTP, password=, proxyServerAddress=, proxyServerPort=0, executionList=}"/>
         <property name="platform" value="Mac OS X"/>
      </properties>
      <testcase name="Test Cases/check_console_for_errors" time="4.846" classname="Test Cases/check_console_for_errors" status="PASSED">
         <system-out><![CDATA[2020-02-13 14:19:23 - [TEST_CASE][PASSED] - Test Cases/check_console_for_errors: Test Cases/check_console_for_errors

2020-02-13 14:19:24 - [TEST_STEP][PASSED] - openBrowser("https://webdev.viasat.dev/jasmine/Jasmine.html"): Browser is opened with url: 'https://webdev.viasat.dev/jasmine/Jasmine.html'

2020-02-13 14:19:24 - [MESSAGE][INFO] - Starting 'Chrome' driver

2020-02-13 14:19:24 - [MESSAGE][INFO] - Action delay is set to 0 seconds

2020-02-13 14:19:27 - [MESSAGE][PASSED] - Browser is opened with url: 'https://webdev.viasat.dev/jasmine/Jasmine.html'

2020-02-13 14:19:27 - [TEST_STEP][PASSED] - waitForElementVisible(findTestObject("jasmine-panel"), 10): Object 'Object Repository/jasmine-panel' is visible

2020-02-13 14:19:27 - [MESSAGE][PASSED] - Object 'Object Repository/jasmine-panel' is visible

2020-02-13 14:19:27 - [TEST_STEP][PASSED] - verifyElementNotPresent(findTestObject("jasmine-error"), 0): Web element with id: 'Object Repository/jasmine-error' located by 'By.xpath: /html/body/div[3]/div[2]/span[3]' is not present after '10' second(s)

2020-02-13 14:19:27 - [MESSAGE][WARNING] - Timeout '0' is invalid. Using default page load timeout: '10'

2020-02-13 14:19:28 - [MESSAGE][PASSED] - Web element with id: 'Object Repository/jasmine-error' located by 'By.xpath: /html/body/div[3]/div[2]/span[3]' is not present after '10' second(s)

2020-02-13 14:19:28 - [TEST_STEP][PASSED] - executedBrowser = getExecutedBrowser(): null

2020-02-13 14:19:28 - [TEST_STEP][PASSED] - switch (executedBrowser): null

2020-02-13 14:19:28 - [TEST_STEP][PASSED] - case CHROME_DRIVER:: null

2020-02-13 14:19:28 - [TEST_STEP][PASSED] - driver = getWebDriver(): null

2020-02-13 14:19:28 - [TEST_STEP][PASSED] - logs = logs().get("browser"): null

2020-02-13 14:19:28 - [TEST_STEP][PASSED] - for (org.openqa.selenium.logging.LogEntry entry : logs): null

2020-02-13 14:19:28 - [TEST_STEP][PASSED] - closeBrowser(): Browser is closed

2020-02-13 14:19:28 - [MESSAGE][PASSED] - Browser is closed]]></system-out>
         <system-err><![CDATA[]]></system-err>
      </testcase>
      <system-out><![CDATA[2020-02-13 14:19:23 - [TEST_SUITE][PASSED] - katalon-jenkins-test: Test Cases/check_console_for_errors]]></system-out>
      <system-err><![CDATA[]]></system-err>
   </testsuite>
</testsuites>
